Determining if the include file getopt.h exists failed with the following output:
Change Dir: F:/Github/3DFEM-UQ-AR/cpp/nlopt/build/CMakeFiles/CMakeTmp

Run Build Command(s):C:/Program Files (x86)/Microsoft Visual Studio/2019/Community/MSBuild/Current/Bin/MSBuild.exe cmTC_4a3b5.vcxproj /p:Configuration=Debug /p:Platform=x64 /p:VisualStudioVersion=16.0 /v:m && Microsoft (R) Build Engine version 16.11.2+f32259642 for .NET Framework
Copyright (C) Microsoft Corporation. All rights reserved.

  Microsoft (R) C/C++ Optimizing Compiler Version 19.29.30140 for x64
  Copyright (C) Microsoft Corporation.  All rights reserved.
  CheckIncludeFile.c
  cl /c /Zi /W3 /WX- /diagnostics:column /Od /Ob0 /D WIN32 /D _WINDOWS /D "CMAKE_INTDIR=\"Debug\"" /D _MBCS /Gm- /RTC1 /MDd /GS /Zc:wchar_t /Zc:forScope /Zc:inline /Fo"cmTC_4a3b5.dir\Debug\\" /Fd"cmTC_4a3b5.dir\Debug\vc142.pdb" /external:W3 /Gd /TC /errorReport:queue "F:\Github\3DFEM-UQ-AR\cpp\nlopt\build\CMakeFiles\CMakeTmp\CheckIncludeFile.c"
F:\Github\3DFEM-UQ-AR\cpp\nlopt\build\CMakeFiles\CMakeTmp\CheckIncludeFile.c(1,10): fatal error C1083: Cannot open include file: 'getopt.h': No such file or directory [F:\Github\3DFEM-UQ-AR\cpp\nlopt\build\CMakeFiles\CMakeTmp\cmTC_4a3b5.vcxproj]



Determining if the include file unistd.h exists failed with the following output:
Change Dir: F:/Github/3DFEM-UQ-AR/cpp/nlopt/build/CMakeFiles/CMakeTmp

Run Build Command(s):C:/Program Files (x86)/Microsoft Visual Studio/2019/Community/MSBuild/Current/Bin/MSBuild.exe cmTC_4701b.vcxproj /p:Configuration=Debug /p:Platform=x64 /p:VisualStudioVersion=16.0 /v:m && Microsoft (R) Build Engine version 16.11.2+f32259642 for .NET Framework
Copyright (C) Microsoft Corporation. All rights reserved.

  Microsoft (R) C/C++ Optimizing Compiler Version 19.29.30140 for x64
  Copyright (C) Microsoft Corporation.  All rights reserved.
  CheckIncludeFile.c
  cl /c /Zi /W3 /WX- /diagnostics:column /Od /Ob0 /D WIN32 /D _WINDOWS /D "CMAKE_INTDIR=\"Debug\"" /D _MBCS /Gm- /RTC1 /MDd /GS /Zc:wchar_t /Zc:forScope /Zc:inline /Fo"cmTC_4701b.dir\Debug\\" /Fd"cmTC_4701b.dir\Debug\vc142.pdb" /external:W3 /Gd /TC /errorReport:queue "F:\Github\3DFEM-UQ-AR\cpp\nlopt\build\CMakeFiles\CMakeTmp\CheckIncludeFile.c"
F:\Github\3DFEM-UQ-AR\cpp\nlopt\build\CMakeFiles\CMakeTmp\CheckIncludeFile.c(1,10): fatal error C1083: Cannot open include file: 'unistd.h': No such file or directory [F:\Github\3DFEM-UQ-AR\cpp\nlopt\build\CMakeFiles\CMakeTmp\cmTC_4701b.vcxproj]



Determining if the include file sys/time.h exists failed with the following output:
Change Dir: F:/Github/3DFEM-UQ-AR/cpp/nlopt/build/CMakeFiles/CMakeTmp

Run Build Command(s):C:/Program Files (x86)/Microsoft Visual Studio/2019/Community/MSBuild/Current/Bin/MSBuild.exe cmTC_a9e40.vcxproj /p:Configuration=Debug /p:Platform=x64 /p:VisualStudioVersion=16.0 /v:m && Microsoft (R) Build Engine version 16.11.2+f32259642 for .NET Framework
Copyright (C) Microsoft Corporation. All rights reserved.

  Microsoft (R) C/C++ Optimizing Compiler Version 19.29.30140 for x64
  Copyright (C) Microsoft Corporation.  All rights reserved.
  CheckIncludeFile.c
  cl /c /Zi /W3 /WX- /diagnostics:column /Od /Ob0 /D WIN32 /D _WINDOWS /D "CMAKE_INTDIR=\"Debug\"" /D _MBCS /Gm- /RTC1 /MDd /GS /Zc:wchar_t /Zc:forScope /Zc:inline /Fo"cmTC_a9e40.dir\Debug\\" /Fd"cmTC_a9e40.dir\Debug\vc142.pdb" /external:W3 /Gd /TC /errorReport:queue "F:\Github\3DFEM-UQ-AR\cpp\nlopt\build\CMakeFiles\CMakeTmp\CheckIncludeFile.c"
F:\Github\3DFEM-UQ-AR\cpp\nlopt\build\CMakeFiles\CMakeTmp\CheckIncludeFile.c(1,10): fatal error C1083: Cannot open include file: 'sys/time.h': No such file or directory [F:\Github\3DFEM-UQ-AR\cpp\nlopt\build\CMakeFiles\CMakeTmp\cmTC_a9e40.vcxproj]



Determining if the function syscall exists failed with the following output:
Change Dir: F:/Github/3DFEM-UQ-AR/cpp/nlopt/build/CMakeFiles/CMakeTmp

Run Build Command(s):C:/Program Files (x86)/Microsoft Visual Studio/2019/Community/MSBuild/Current/Bin/MSBuild.exe cmTC_efedf.vcxproj /p:Configuration=Debug /p:Platform=x64 /p:VisualStudioVersion=16.0 /v:m && Microsoft (R) Build Engine version 16.11.2+f32259642 for .NET Framework
Copyright (C) Microsoft Corporation. All rights reserved.

  Microsoft (R) C/C++ Optimizing Compiler Version 19.29.30140 for x64
  Copyright (C) Microsoft Corporation.  All rights reserved.
  CheckFunctionExists.c
  cl /c /Zi /W3 /WX- /diagnostics:column /Od /Ob0 /D WIN32 /D _WINDOWS /D CHECK_FUNCTION_EXISTS=syscall /D "CMAKE_INTDIR=\"Debug\"" /D _MBCS /Gm- /RTC1 /MDd /GS /Zc:wchar_t /Zc:forScope /Zc:inline /Fo"cmTC_efedf.dir\Debug\\" /Fd"cmTC_efedf.dir\Debug\vc142.pdb" /external:W3 /Gd /TC /errorReport:queue "C:\Program Files (x86)\Microsoft Visual Studio\2019\Community\Common7\IDE\CommonExtensions\Microsoft\CMake\CMake\share\cmake-3.20\Modules\CheckFunctionExists.c"
CheckFunctionExists.obj : error LNK2019: unresolved external symbol syscall referenced in function main [F:\Github\3DFEM-UQ-AR\cpp\nlopt\build\CMakeFiles\CMakeTmp\cmTC_efedf.vcxproj]
F:\Github\3DFEM-UQ-AR\cpp\nlopt\build\CMakeFiles\CMakeTmp\Debug\cmTC_efedf.exe : fatal error LNK1120: 1 unresolved externals [F:\Github\3DFEM-UQ-AR\cpp\nlopt\build\CMakeFiles\CMakeTmp\cmTC_efedf.vcxproj]



Determining if the function isinf exists failed with the following output:
Change Dir: F:/Github/3DFEM-UQ-AR/cpp/nlopt/build/CMakeFiles/CMakeTmp

Run Build Command(s):C:/Program Files (x86)/Microsoft Visual Studio/2019/Community/MSBuild/Current/Bin/MSBuild.exe cmTC_0d471.vcxproj /p:Configuration=Debug /p:Platform=x64 /p:VisualStudioVersion=16.0 /v:m && Microsoft (R) Build Engine version 16.11.2+f32259642 for .NET Framework
Copyright (C) Microsoft Corporation. All rights reserved.

  Microsoft (R) C/C++ Optimizing Compiler Version 19.29.30140 for x64
  Copyright (C) Microsoft Corporation.  All rights reserved.
  CheckFunctionExists.c
  cl /c /Zi /W3 /WX- /diagnostics:column /Od /Ob0 /D WIN32 /D _WINDOWS /D CHECK_FUNCTION_EXISTS=isinf /D "CMAKE_INTDIR=\"Debug\"" /D _MBCS /Gm- /RTC1 /MDd /GS /Zc:wchar_t /Zc:forScope /Zc:inline /Fo"cmTC_0d471.dir\Debug\\" /Fd"cmTC_0d471.dir\Debug\vc142.pdb" /external:W3 /Gd /TC /errorReport:queue "C:\Program Files (x86)\Microsoft Visual Studio\2019\Community\Common7\IDE\CommonExtensions\Microsoft\CMake\CMake\share\cmake-3.20\Modules\CheckFunctionExists.c"
CheckFunctionExists.obj : error LNK2019: unresolved external symbol isinf referenced in function main [F:\Github\3DFEM-UQ-AR\cpp\nlopt\build\CMakeFiles\CMakeTmp\cmTC_0d471.vcxproj]
F:\Github\3DFEM-UQ-AR\cpp\nlopt\build\CMakeFiles\CMakeTmp\Debug\cmTC_0d471.exe : fatal error LNK1120: 1 unresolved externals [F:\Github\3DFEM-UQ-AR\cpp\nlopt\build\CMakeFiles\CMakeTmp\cmTC_0d471.vcxproj]



Determining if the function isnan exists failed with the following output:
Change Dir: F:/Github/3DFEM-UQ-AR/cpp/nlopt/build/CMakeFiles/CMakeTmp

Run Build Command(s):C:/Program Files (x86)/Microsoft Visual Studio/2019/Community/MSBuild/Current/Bin/MSBuild.exe cmTC_8d583.vcxproj /p:Configuration=Debug /p:Platform=x64 /p:VisualStudioVersion=16.0 /v:m && Microsoft (R) Build Engine version 16.11.2+f32259642 for .NET Framework
Copyright (C) Microsoft Corporation. All rights reserved.

  Microsoft (R) C/C++ Optimizing Compiler Version 19.29.30140 for x64
  Copyright (C) Microsoft Corporation.  All rights reserved.
  CheckFunctionExists.c
  cl /c /Zi /W3 /WX- /diagnostics:column /Od /Ob0 /D WIN32 /D _WINDOWS /D CHECK_FUNCTION_EXISTS=isnan /D "CMAKE_INTDIR=\"Debug\"" /D _MBCS /Gm- /RTC1 /MDd /GS /Zc:wchar_t /Zc:forScope /Zc:inline /Fo"cmTC_8d583.dir\Debug\\" /Fd"cmTC_8d583.dir\Debug\vc142.pdb" /external:W3 /Gd /TC /errorReport:queue "C:\Program Files (x86)\Microsoft Visual Studio\2019\Community\Common7\IDE\CommonExtensions\Microsoft\CMake\CMake\share\cmake-3.20\Modules\CheckFunctionExists.c"
CheckFunctionExists.obj : error LNK2019: unresolved external symbol isnan referenced in function main [F:\Github\3DFEM-UQ-AR\cpp\nlopt\build\CMakeFiles\CMakeTmp\cmTC_8d583.vcxproj]
F:\Github\3DFEM-UQ-AR\cpp\nlopt\build\CMakeFiles\CMakeTmp\Debug\cmTC_8d583.exe : fatal error LNK1120: 1 unresolved externals [F:\Github\3DFEM-UQ-AR\cpp\nlopt\build\CMakeFiles\CMakeTmp\cmTC_8d583.vcxproj]



Determining if the function gettimeofday exists failed with the following output:
Change Dir: F:/Github/3DFEM-UQ-AR/cpp/nlopt/build/CMakeFiles/CMakeTmp

Run Build Command(s):C:/Program Files (x86)/Microsoft Visual Studio/2019/Community/MSBuild/Current/Bin/MSBuild.exe cmTC_7ff84.vcxproj /p:Configuration=Debug /p:Platform=x64 /p:VisualStudioVersion=16.0 /v:m && Microsoft (R) Build Engine version 16.11.2+f32259642 for .NET Framework
Copyright (C) Microsoft Corporation. All rights reserved.

  Microsoft (R) C/C++ Optimizing Compiler Version 19.29.30140 for x64
  Copyright (C) Microsoft Corporation.  All rights reserved.
  CheckFunctionExists.c
  cl /c /Zi /W3 /WX- /diagnostics:column /Od /Ob0 /D WIN32 /D _WINDOWS /D CHECK_FUNCTION_EXISTS=gettimeofday /D "CMAKE_INTDIR=\"Debug\"" /D _MBCS /Gm- /RTC1 /MDd /GS /Zc:wchar_t /Zc:forScope /Zc:inline /Fo"cmTC_7ff84.dir\Debug\\" /Fd"cmTC_7ff84.dir\Debug\vc142.pdb" /external:W3 /Gd /TC /errorReport:queue "C:\Program Files (x86)\Microsoft Visual Studio\2019\Community\Common7\IDE\CommonExtensions\Microsoft\CMake\CMake\share\cmake-3.20\Modules\CheckFunctionExists.c"
CheckFunctionExists.obj : error LNK2019: unresolved external symbol gettimeofday referenced in function main [F:\Github\3DFEM-UQ-AR\cpp\nlopt\build\CMakeFiles\CMakeTmp\cmTC_7ff84.vcxproj]
F:\Github\3DFEM-UQ-AR\cpp\nlopt\build\CMakeFiles\CMakeTmp\Debug\cmTC_7ff84.exe : fatal error LNK1120: 1 unresolved externals [F:\Github\3DFEM-UQ-AR\cpp\nlopt\build\CMakeFiles\CMakeTmp\cmTC_7ff84.vcxproj]



Determining if the function qsort_r exists failed with the following output:
Change Dir: F:/Github/3DFEM-UQ-AR/cpp/nlopt/build/CMakeFiles/CMakeTmp

Run Build Command(s):C:/Program Files (x86)/Microsoft Visual Studio/2019/Community/MSBuild/Current/Bin/MSBuild.exe cmTC_6d005.vcxproj /p:Configuration=Debug /p:Platform=x64 /p:VisualStudioVersion=16.0 /v:m && Microsoft (R) Build Engine version 16.11.2+f32259642 for .NET Framework
Copyright (C) Microsoft Corporation. All rights reserved.

  Microsoft (R) C/C++ Optimizing Compiler Version 19.29.30140 for x64
  Copyright (C) Microsoft Corporation.  All rights reserved.
  CheckFunctionExists.c
  cl /c /Zi /W3 /WX- /diagnostics:column /Od /Ob0 /D WIN32 /D _WINDOWS /D CHECK_FUNCTION_EXISTS=qsort_r /D "CMAKE_INTDIR=\"Debug\"" /D _MBCS /Gm- /RTC1 /MDd /GS /Zc:wchar_t /Zc:forScope /Zc:inline /Fo"cmTC_6d005.dir\Debug\\" /Fd"cmTC_6d005.dir\Debug\vc142.pdb" /external:W3 /Gd /TC /errorReport:queue "C:\Program Files (x86)\Microsoft Visual Studio\2019\Community\Common7\IDE\CommonExtensions\Microsoft\CMake\CMake\share\cmake-3.20\Modules\CheckFunctionExists.c"
CheckFunctionExists.obj : error LNK2019: unresolved external symbol qsort_r referenced in function main [F:\Github\3DFEM-UQ-AR\cpp\nlopt\build\CMakeFiles\CMakeTmp\cmTC_6d005.vcxproj]
F:\Github\3DFEM-UQ-AR\cpp\nlopt\build\CMakeFiles\CMakeTmp\Debug\cmTC_6d005.exe : fatal error LNK1120: 1 unresolved externals [F:\Github\3DFEM-UQ-AR\cpp\nlopt\build\CMakeFiles\CMakeTmp\cmTC_6d005.vcxproj]



Determining if the function getopt exists failed with the following output:
Change Dir: F:/Github/3DFEM-UQ-AR/cpp/nlopt/build/CMakeFiles/CMakeTmp

Run Build Command(s):C:/Program Files (x86)/Microsoft Visual Studio/2019/Community/MSBuild/Current/Bin/MSBuild.exe cmTC_a429a.vcxproj /p:Configuration=Debug /p:Platform=x64 /p:VisualStudioVersion=16.0 /v:m && Microsoft (R) Build Engine version 16.11.2+f32259642 for .NET Framework
Copyright (C) Microsoft Corporation. All rights reserved.

  Microsoft (R) C/C++ Optimizing Compiler Version 19.29.30140 for x64
  Copyright (C) Microsoft Corporation.  All rights reserved.
  CheckFunctionExists.c
  cl /c /Zi /W3 /WX- /diagnostics:column /Od /Ob0 /D WIN32 /D _WINDOWS /D CHECK_FUNCTION_EXISTS=getopt /D "CMAKE_INTDIR=\"Debug\"" /D _MBCS /Gm- /RTC1 /MDd /GS /Zc:wchar_t /Zc:forScope /Zc:inline /Fo"cmTC_a429a.dir\Debug\\" /Fd"cmTC_a429a.dir\Debug\vc142.pdb" /external:W3 /Gd /TC /errorReport:queue "C:\Program Files (x86)\Microsoft Visual Studio\2019\Community\Common7\IDE\CommonExtensions\Microsoft\CMake\CMake\share\cmake-3.20\Modules\CheckFunctionExists.c"
CheckFunctionExists.obj : error LNK2019: unresolved external symbol getopt referenced in function main [F:\Github\3DFEM-UQ-AR\cpp\nlopt\build\CMakeFiles\CMakeTmp\cmTC_a429a.vcxproj]
F:\Github\3DFEM-UQ-AR\cpp\nlopt\build\CMakeFiles\CMakeTmp\Debug\cmTC_a429a.exe : fatal error LNK1120: 1 unresolved externals [F:\Github\3DFEM-UQ-AR\cpp\nlopt\build\CMakeFiles\CMakeTmp\cmTC_a429a.vcxproj]



Determining if the function sqrt exists in the m failed with the following output:
Change Dir: F:/Github/3DFEM-UQ-AR/cpp/nlopt/build/CMakeFiles/CMakeTmp

Run Build Command(s):C:/Program Files (x86)/Microsoft Visual Studio/2019/Community/MSBuild/Current/Bin/MSBuild.exe cmTC_41699.vcxproj /p:Configuration=Debug /p:Platform=x64 /p:VisualStudioVersion=16.0 /v:m && Microsoft (R) Build Engine version 16.11.2+f32259642 for .NET Framework
Copyright (C) Microsoft Corporation. All rights reserved.

  Microsoft (R) C/C++ Optimizing Compiler Version 19.29.30140 for x64
  Copyright (C) Microsoft Corporation.  All rights reserved.
  CheckFunctionExists.c
  cl /c /Zi /W3 /WX- /diagnostics:column /Od /Ob0 /D WIN32 /D _WINDOWS /D CHECK_FUNCTION_EXISTS=sqrt /D "CMAKE_INTDIR=\"Debug\"" /D _MBCS /Gm- /RTC1 /MDd /GS /Zc:wchar_t /Zc:forScope /Zc:inline /Fo"cmTC_41699.dir\Debug\\" /Fd"cmTC_41699.dir\Debug\vc142.pdb" /external:W3 /Gd /TC /errorReport:queue "C:\Program Files (x86)\Microsoft Visual Studio\2019\Community\Common7\IDE\CommonExtensions\Microsoft\CMake\CMake\share\cmake-3.20\Modules\CheckFunctionExists.c"
LINK : fatal error LNK1104: cannot open file 'm.lib' [F:\Github\3DFEM-UQ-AR\cpp\nlopt\build\CMakeFiles\CMakeTmp\cmTC_41699.vcxproj]



Performing C SOURCE FILE Test HAVE_THREAD_LOCAL_STORAGE failed with the following output:
Change Dir: F:/Github/3DFEM-UQ-AR/cpp/nlopt/build/CMakeFiles/CMakeTmp

Run Build Command(s):C:/Program Files (x86)/Microsoft Visual Studio/2019/Community/MSBuild/Current/Bin/MSBuild.exe cmTC_a9655.vcxproj /p:Configuration=Debug /p:Platform=x64 /p:VisualStudioVersion=16.0 /v:m && Microsoft (R) Build Engine version 16.11.2+f32259642 for .NET Framework
Copyright (C) Microsoft Corporation. All rights reserved.

  Microsoft (R) C/C++ Optimizing Compiler Version 19.29.30140 for x64
  Copyright (C) Microsoft Corporation.  All rights reserved.
  src.c
  cl /c /Zi /W3 /WX- /diagnostics:column /Od /Ob0 /D WIN32 /D _WINDOWS /D HAVE_THREAD_LOCAL_STORAGE /D "CMAKE_INTDIR=\"Debug\"" /D _MBCS /Gm- /RTC1 /MDd /GS /Zc:wchar_t /Zc:forScope /Zc:inline /Fo"cmTC_a9655.dir\Debug\\" /Fd"cmTC_a9655.dir\Debug\vc142.pdb" /external:W3 /Gd /TC /errorReport:queue "F:\Github\3DFEM-UQ-AR\cpp\nlopt\build\CMakeFiles\CMakeTmp\src.c"
F:\Github\3DFEM-UQ-AR\cpp\nlopt\build\CMakeFiles\CMakeTmp\src.c(2,18): error C2054: expected '(' to follow '__thread' [F:\Github\3DFEM-UQ-AR\cpp\nlopt\build\CMakeFiles\CMakeTmp\cmTC_a9655.vcxproj]
F:\Github\3DFEM-UQ-AR\cpp\nlopt\build\CMakeFiles\CMakeTmp\src.c(2,21): error C2085: 'tls': not in formal parameter list [F:\Github\3DFEM-UQ-AR\cpp\nlopt\build\CMakeFiles\CMakeTmp\cmTC_a9655.vcxproj]
F:\Github\3DFEM-UQ-AR\cpp\nlopt\build\CMakeFiles\CMakeTmp\src.c(4,20): error C2085: 'main': not in formal parameter list [F:\Github\3DFEM-UQ-AR\cpp\nlopt\build\CMakeFiles\CMakeTmp\cmTC_a9655.vcxproj]
F:\Github\3DFEM-UQ-AR\cpp\nlopt\build\CMakeFiles\CMakeTmp\src.c(4,20): error C2143: syntax error: missing ';' before '{' [F:\Github\3DFEM-UQ-AR\cpp\nlopt\build\CMakeFiles\CMakeTmp\cmTC_a9655.vcxproj]


Source file was:

    __thread int tls;

    int main(void) {
        return 0;
    }
